{"user":{"cmd":"login","fd":14,"name":"dsfsdfds","avatar":"http:\/\/s0.hao123img.com\/res\/img\/logo\/logonew1.png"},"msg":null,"time":1422539465}
{"user":{"cmd":"login","fd":14,"name":"dsfsdfds","avatar":"http:\/\/s0.hao123img.com\/res\/img\/logo\/logonew1.png"},"msg":{"cmd":"message","from":14,"channal":0,"data":"dsfsdfdsds"},"time":1422539484}
{"user":{"cmd":"login","fd":14,"name":"dsfsdfds","avatar":"http:\/\/s0.hao123img.com\/res\/img\/logo\/logonew1.png"},"msg":{"cmd":"message","from":14,"channal":0,"data":"sddsds"},"time":1422539487}
{"user":{"cmd":"login","fd":14,"name":"dsfsdfds","avatar":"http:\/\/s0.hao123img.com\/res\/img\/logo\/logonew1.png"},"msg":{"cmd":"message","from":14,"channal":0,"data":"dsfsdfds"},"time":1422539489}
{"user":{"cmd":"login","fd":14,"name":"dsfsdfds","avatar":"http:\/\/s0.hao123img.com\/res\/img\/logo\/logonew1.png"},"msg":{"cmd":"message","from":14,"channal":0,"data":"sdfsdfds"},"time":1422539490}
{"user":{"cmd":"login","fd":14,"name":"dsfsdfds","avatar":"http:\/\/s0.hao123img.com\/res\/img\/logo\/logonew1.png"},"msg":null,"time":1422539537}
{"user":{"cmd":"login","fd":15,"name":"sdfsd","avatar":"http:\/\/s0.hao123img.com\/res\/img\/logo\/logonew1.png"},"msg":null,"time":1422542235}
{"user":{"cmd":"login","fd":15,"name":"dsfsdfds","avatar":"http:\/\/s0.hao123img.com\/res\/img\/logo\/logonew1.png"},"msg":null,"time":1422543213}
{"user":{"cmd":"login","fd":15,"name":"dsfsdfds","avatar":"http:\/\/s0.hao123img.com\/res\/img\/logo\/logonew1.png"},"msg":{"cmd":"message","from":15,"channal":0,"data":"sdfsdfds"},"time":1422543216}
{"user":{"cmd":"login","fd":15,"name":"dsfsdfds","avatar":"http:\/\/s0.hao123img.com\/res\/img\/logo\/logonew1.png"},"msg":{"cmd":"message","from":15,"channal":0,"data":"sdfsdfds"},"time":1422543218}
{"user":{"cmd":"login","fd":15,"name":"dsfsdfds","avatar":"http:\/\/s0.hao123img.com\/res\/img\/logo\/logonew1.png"},"msg":{"cmd":"message","from":15,"channal":0,"data":"sdds"},"time":1422543220}
{"user":{"cmd":"login","fd":15,"name":"dsfsdfds","avatar":"http:\/\/s0.hao123img.com\/res\/img\/logo\/logonew1.png"},"msg":null,"time":1422543900}
{"user":{"cmd":"login","fd":15,"name":"dsfsdfds","avatar":"http:\/\/s0.hao123img.com\/res\/img\/logo\/logonew1.png"},"msg":null,"time":1422543902}
{"user":{"cmd":"login","fd":15,"name":"dsfsdfds","avatar":"http:\/\/s0.hao123img.com\/res\/img\/logo\/logonew1.png"},"msg":null,"time":1422543904}
{"user":{"cmd":"login","fd":15,"name":"dsfsdfds","avatar":"http:\/\/s0.hao123img.com\/res\/img\/logo\/logonew1.png"},"msg":null,"time":1422543906}
{"user":{"cmd":"login","fd":15,"name":"dsfsdfds","avatar":"http:\/\/s0.hao123img.com\/res\/img\/logo\/logonew1.png"},"msg":{"cmd":"message","from":15,"channal":0,"data":"sadasdas"},"time":1422543908}
{"user":{"cmd":"login","fd":15,"name":"dsfsdfds","avatar":"http:\/\/s0.hao123img.com\/res\/img\/logo\/logonew1.png"},"msg":{"cmd":"message","from":15,"channal":0,"data":"dssdafsdfds"},"time":1422543910}
{"user":{"cmd":"login","fd":15,"name":"dsfsdfds","avatar":"http:\/\/s0.hao123img.com\/res\/img\/logo\/logonew1.png"},"msg":null,"time":1422544392}
{"user":{"cmd":"login","fd":15,"name":"dsfsdfds","avatar":"http:\/\/s0.hao123img.com\/res\/img\/logo\/logonew1.png"},"msg":null,"time":1422544513}
{"user":{"cmd":"login","fd":15,"name":"dsfsdfds","avatar":"http:\/\/s0.hao123img.com\/res\/img\/logo\/logonew1.png"},"msg":null,"time":1422545149}
{"user":{"cmd":"login","fd":15,"name":"dsfsdfds","avatar":"http:\/\/s0.hao123img.com\/res\/img\/logo\/logonew1.png"},"msg":null,"time":1422545198}
{"user":{"cmd":"login","fd":15,"name":"dsfsdfds","avatar":"http:\/\/s0.hao123img.com\/res\/img\/logo\/logonew1.png"},"msg":null,"time":1422545201}
{"user":{"cmd":"login","fd":15,"name":"dsfsdfds","avatar":"http:\/\/s0.hao123img.com\/res\/img\/logo\/logonew1.png"},"msg":null,"time":1422545202}
{"user":{"cmd":"login","fd":15,"name":"dsfsdfds","avatar":"http:\/\/s0.hao123img.com\/res\/img\/logo\/logonew1.png"},"msg":null,"time":1422545216}
{"user":{"cmd":"login","fd":15,"name":"dsfsdfds","avatar":"http:\/\/s0.hao123img.com\/res\/img\/logo\/logonew1.png"},"msg":null,"time":1422545259}
{"user":{"cmd":"login","fd":15,"name":"dsfsdfds","avatar":"http:\/\/s0.hao123img.com\/res\/img\/logo\/logonew1.png"},"msg":null,"time":1422545262}
{"user":{"cmd":"login","fd":15,"name":"dsfsdfds","avatar":"http:\/\/s0.hao123img.com\/res\/img\/logo\/logonew1.png"},"msg":null,"time":1422545265}
{"user":{"cmd":"login","fd":15,"name":"dsfsdfds","avatar":"http:\/\/s0.hao123img.com\/res\/img\/logo\/logonew1.png"},"msg":null,"time":1422545380}
{"user":{"cmd":"login","fd":15,"name":"dsfsdfds","avatar":"http:\/\/s0.hao123img.com\/res\/img\/logo\/logonew1.png"},"msg":null,"time":1422545391}
{"user":{"cmd":"login","fd":15,"name":"dsfsdfds","avatar":"http:\/\/s0.hao123img.com\/res\/img\/logo\/logonew1.png"},"msg":null,"time":1422545402}
{"user":{"cmd":"login","fd":15,"name":"dsfsdfds","avatar":"http:\/\/s0.hao123img.com\/res\/img\/logo\/logonew1.png"},"msg":null,"time":1422545409}
{"user":{"cmd":"login","fd":15,"name":"dsfsdfds","avatar":"http:\/\/s0.hao123img.com\/res\/img\/logo\/logonew1.png"},"msg":null,"time":1422545433}
{"user":{"cmd":"login","fd":15,"name":"dsfsdfds","avatar":"http:\/\/s0.hao123img.com\/res\/img\/logo\/logonew1.png"},"msg":null,"time":1422545446}
{"user":{"cmd":"login","fd":15,"name":"dsfsdfds","avatar":"http:\/\/s0.hao123img.com\/res\/img\/logo\/logonew1.png"},"msg":null,"time":1422545458}
{"user":{"cmd":"login","fd":15,"name":"dsfsdfds","avatar":"http:\/\/s0.hao123img.com\/res\/img\/logo\/logonew1.png"},"msg":null,"time":1422545472}
{"user":{"cmd":"login","fd":15,"name":"dsfsdfds","avatar":"http:\/\/s0.hao123img.com\/res\/img\/logo\/logonew1.png"},"msg":null,"time":1422545779}
{"user":{"cmd":"login","fd":15,"name":"dsfsdfds","avatar":"http:\/\/s0.hao123img.com\/res\/img\/logo\/logonew1.png"},"msg":null,"time":1422545991}
{"user":{"cmd":"login","fd":15,"name":"asdssd","avatar":"http:\/\/s0.hao123img.com\/res\/img\/logo\/logonew1.png"},"msg":null,"time":1422546173}
{"user":{"cmd":"login","fd":15,"name":"dsfsd","avatar":"http:\/\/s0.hao123img.com\/res\/img\/logo\/logonew1.png"},"msg":null,"time":1422546272}
{"user":{"cmd":"login","fd":15,"name":"dsfsd","avatar":"http:\/\/s0.hao123img.com\/res\/img\/logo\/logonew1.png"},"msg":{"cmd":"message","from":15,"channal":0,"data":"#4"},"time":1422546404}
{"user":{"cmd":"login","fd":15,"name":"dsfsd","avatar":"http:\/\/s0.hao123img.com\/res\/img\/logo\/logonew1.png"},"msg":null,"time":1422546543}
{"user":{"cmd":"login","fd":15,"name":"dsfsd","avatar":"http:\/\/s0.hao123img.com\/res\/img\/logo\/logonew1.png"},"msg":null,"time":1422546547}
{"user":{"cmd":"login","fd":15,"name":"dsfsd","avatar":"http:\/\/s0.hao123img.com\/res\/img\/logo\/logonew1.png"},"msg":null,"time":1422546554}
{"user":{"cmd":"login","fd":15,"name":"sdfsdfds","avatar":"http:\/\/s0.hao123img.com\/res\/img\/logo\/logonew1.png"},"msg":null,"time":1422548047}
